<?xml version="1.0" encoding="UTF-8"?>
<testng-results skipped="0" failed="0" ignored="0" total="9" passed="9">
  <reporter-output>
  </reporter-output>
  <suite name="Default suite" duration-ms="325034" started-at="2022-02-10T10:06:21Z" finished-at="2022-02-10T10:11:46Z">
    <groups>
    </groups>
    <test name="Default test" duration-ms="325034" started-at="2022-02-10T10:06:21Z" finished-at="2022-02-10T10:11:46Z">
      <class name="org.dataprovider.Amazon1">
        <test-method status="PASS" signature="tc01(java.lang.String)[pri:0, instance:org.dataprovider.Amazon1@192b07fd]" name="tc01" duration-ms="32892" started-at="2022-02-10T10:06:21Z" data-provider="Amazon1" finished-at="2022-02-10T10:06:54Z">
          <params>
            <param index="0">
              <value>
                <![CDATA[samsung s2]]>
              </value>
            </param>
          </params>
          <reporter-output>
          </reporter-output>
        </test-method> <!-- tc01 -->
        <test-method status="PASS" signature="tc01(java.lang.String)[pri:0, instance:org.dataprovider.Amazon1@192b07fd]" name="tc01" duration-ms="32344" started-at="2022-02-10T10:06:54Z" data-provider="Amazon1" finished-at="2022-02-10T10:07:26Z">
          <params>
            <param index="0">
              <value>
                <![CDATA[puma tshirt]]>
              </value>
            </param>
          </params>
          <reporter-output>
          </reporter-output>
        </test-method> <!-- tc01 -->
        <test-method status="PASS" signature="tc01(java.lang.String)[pri:0, instance:org.dataprovider.Amazon1@192b07fd]" name="tc01" duration-ms="36592" started-at="2022-02-10T10:07:26Z" data-provider="Amazon1" finished-at="2022-02-10T10:08:03Z">
          <params>
            <param index="0">
              <value>
                <![CDATA[mi mobile]]>
              </value>
            </param>
          </params>
          <reporter-output>
          </reporter-output>
        </test-method> <!-- tc01 -->
        <test-method status="PASS" signature="tc01(java.lang.String)[pri:0, instance:org.dataprovider.Amazon1@192b07fd]" name="tc01" duration-ms="31129" started-at="2022-02-10T10:08:03Z" data-provider="Amazon1" finished-at="2022-02-10T10:08:34Z">
          <params>
            <param index="0">
              <value>
                <![CDATA[iphone 11]]>
              </value>
            </param>
          </params>
          <reporter-output>
          </reporter-output>
        </test-method> <!-- tc01 -->
        <test-method status="PASS" signature="tc01(java.lang.String)[pri:0, instance:org.dataprovider.Amazon1@192b07fd]" name="tc01" duration-ms="39795" started-at="2022-02-10T10:08:34Z" data-provider="Amazon1" finished-at="2022-02-10T10:09:14Z">
          <params>
            <param index="0">
              <value>
                <![CDATA[lava mobile]]>
              </value>
            </param>
          </params>
          <reporter-output>
          </reporter-output>
        </test-method> <!-- tc01 -->
        <test-method status="PASS" signature="tc01(java.lang.String)[pri:0, instance:org.dataprovider.Amazon1@192b07fd]" name="tc01" duration-ms="33346" started-at="2022-02-10T10:09:14Z" data-provider="Amazon1" finished-at="2022-02-10T10:09:47Z">
          <params>
            <param index="0">
              <value>
                <![CDATA[oppo mobile]]>
              </value>
            </param>
          </params>
          <reporter-output>
          </reporter-output>
        </test-method> <!-- tc01 -->
        <test-method status="PASS" signature="tc01(java.lang.String)[pri:0, instance:org.dataprovider.Amazon1@192b07fd]" name="tc01" duration-ms="37684" started-at="2022-02-10T10:09:47Z" data-provider="Amazon1" finished-at="2022-02-10T10:10:25Z">
          <params>
            <param index="0">
              <value>
                <![CDATA[ samsung laptop]]>
              </value>
            </param>
          </params>
          <reporter-output>
          </reporter-output>
        </test-method> <!-- tc01 -->
        <test-method status="PASS" signature="tc01(java.lang.String)[pri:0, instance:org.dataprovider.Amazon1@192b07fd]" name="tc01" duration-ms="34911" started-at="2022-02-10T10:10:25Z" data-provider="Amazon1" finished-at="2022-02-10T10:10:59Z">
          <params>
            <param index="0">
              <value>
                <![CDATA[hp laptop]]>
              </value>
            </param>
          </params>
          <reporter-output>
          </reporter-output>
        </test-method> <!-- tc01 -->
        <test-method status="PASS" signature="tc01(java.lang.String)[pri:0, instance:org.dataprovider.Amazon1@192b07fd]" name="tc01" duration-ms="46082" started-at="2022-02-10T10:10:59Z" data-provider="Amazon1" finished-at="2022-02-10T10:11:46Z">
          <params>
            <param index="0">
              <value>
                <![CDATA[mi 7pro]]>
              </value>
            </param>
          </params>
          <reporter-output>
          </reporter-output>
        </test-method> <!-- tc01 -->
      </class> <!-- org.dataprovider.Amazon1 -->
    </test> <!-- Default test -->
  </suite> <!-- Default suite -->
</testng-results>
